app/build/outputs/logs/manifest-merger-debug-report.txt
-- Merging decision tree log ---
manifest
ADDED from src/main/AndroidManifest.xml:2:1-74:12
	package
		ADDED from src/main/AndroidManifest.xml:3:5-25
		INJECTED from src/main/AndroidManifest.xml
		INJECTED from src/main/AndroidManifest.xml
	android:versionName
		INJECTED from src/main/AndroidManifest.xml
		INJECTED from src/main/AndroidManifest.xml
	xmlns:android
		ADDED from src/main/AndroidManifest.xml:2:11-69
	android:versionCode
		INJECTED from src/main/AndroidManifest.xml
		INJECTED from src/main/AndroidManifest.xml
uses-permission#android.permission.INTERNET
ADDED from src/main/AndroidManifest.xml:5:5-67
MERGED from [com.google.android.gms:play-services-ads:7.5.0] AndroidManifest.xml:20:5-66
MERGED from [com.google.android.gms:play-services-analytics:7.5.0] AndroidManifest.xml:21:5-67
MERGED from [com.google.android.gms:play-services-analytics:7.5.0] AndroidManifest.xml:21:5-67
MERGED from [com.google.android.gms:play-services-appinvite:7.5.0] AndroidManifest.xml:19:5-67
MERGED from [com.google.android.gms:play-services-maps:7.5.0] AndroidManifest.xml:21:5-66
MERGED from [com.google.android.gms:play-services-maps:7.5.0] AndroidManifest.xml:21:5-66
MERGED from [com.google.android.gms:play-services-maps:7.5.0] AndroidManifest.xml:21:5-66
MERGED from [com.google.android.gms:play-services-wallet:7.5.0] AndroidManifest.xml:20:5-66
MERGED from [com.google.android.gms:play-services-maps:7.5.0] AndroidManifest.xml:21:5-66
	android:name
		ADDED from src/main/AndroidManifest.xml:5:22-64
uses-permission#android.permission.READ_SMS
ADDED from src/main/AndroidManifest.xml:6:5-67
	android:name
		ADDED from src/main/AndroidManifest.xml:6:22-64
uses-permission#android.permission.READ_EXTERNAL_STORAGE
ADDED from src/main/AndroidManifest.xml:7:5-80
	android:name
		ADDED from src/main/AndroidManifest.xml:7:22-77
uses-permission#android.permission.WRITE_EXTERNAL_STORAGE
ADDED from src/main/AndroidManifest.xml:8:5-81
MERGED from [com.google.android.gms:play-services-maps:7.5.0] AndroidManifest.xml:22:5-80
MERGED from [com.google.android.gms:play-services-maps:7.5.0] AndroidManifest.xml:22:5-80
MERGED from [com.google.android.gms:play-services-maps:7.5.0] AndroidManifest.xml:22:5-80
MERGED from [com.google.android.gms:play-services-maps:7.5.0] AndroidManifest.xml:22:5-80
	android:name
		ADDED from src/main/AndroidManifest.xml:8:22-78
uses-permission#android.permission.GET_ACCOUNTS
ADDED from src/main/AndroidManifest.xml:9:5-71
MERGED from [com.google.android.gms:play-services-wallet:7.5.0] AndroidManifest.xml:21:5-70
	android:name
		ADDED from src/main/AndroidManifest.xml:9:22-68
uses-permission#android.permission.USE_CREDENTIALS
ADDED from src/main/AndroidManifest.xml:10:5-74
MERGED from [com.google.android.gms:play-services-wallet:7.5.0] AndroidManifest.xml:22:5-73
	android:name
		ADDED from src/main/AndroidManifest.xml:10:22-71
uses-permission#android.permission.CALL_PHONE
ADDED from src/main/AndroidManifest.xml:11:5-69
	android:name
		ADDED from src/main/AndroidManifest.xml:11:22-66
uses-permission#android.permission.SEND_SMS
ADDED from src/main/AndroidManifest.xml:12:5-67
	android:name
		ADDED from src/main/AndroidManifest.xml:12:22-64
uses-permission#android.permission.RECEIVE_SMS
ADDED from src/main/AndroidManifest.xml:13:5-70
	android:name
		ADDED from src/main/AndroidManifest.xml:13:22-67
uses-permission#com.android.alarm.permission.SET_ALARM
ADDED from src/main/AndroidManifest.xml:14:5-78
	android:name
		ADDED from src/main/AndroidManifest.xml:14:22-75
application
ADDED from src/main/AndroidManifest.xml:16:5-73:19
MERGED from [com.android.support:appcompat-v7:22.2.0] AndroidManifest.xml:22:5-20
MERGED from [com.android.support:support-v4:22.2.0] AndroidManifest.xml:22:5-20
MERGED from [com.google.android.gms:play-services:7.5.0] AndroidManifest.xml:19:5-20
MERGED from [com.google.android.gms:play-services-ads:7.5.0] AndroidManifest.xml:24:5-32:19
MERGED from [com.google.android.gms:play-services-base:7.5.0] AndroidManifest.xml:20:5-24:19
MERGED from [com.android.support:support-v4:22.2.0] AndroidManifest.xml:22:5-20
MERGED from [com.google.android.gms:play-services-analytics:7.5.0] AndroidManifest.xml:24:5-20
MERGED from [com.google.android.gms:play-services-base:7.5.0] AndroidManifest.xml:20:5-24:19
MERGED from [com.android.support:support-v4:22.2.0] AndroidManifest.xml:22:5-20
MERGED from [com.google.android.gms:play-services-analytics:7.5.0] AndroidManifest.xml:24:5-20
MERGED from [com.google.android.gms:play-services-base:7.5.0] AndroidManifest.xml:20:5-24:19
MERGED from [com.android.support:support-v4:22.2.0] AndroidManifest.xml:22:5-20
MERGED from [com.google.android.gms:play-services-appindexing:7.5.0] AndroidManifest.xml:19:5-20
MERGED from [com.google.android.gms:play-services-base:7.5.0] AndroidManifest.xml:20:5-24:19
MERGED from [com.android.support:support-v4:22.2.0] AndroidManifest.xml:22:5-20
MERGED from [com.google.android.gms:play-services-appinvite:7.5.0] AndroidManifest.xml:20:5-20
MERGED from [com.google.android.gms:play-services-base:7.5.0] AndroidManifest.xml:20:5-24:19
MERGED from [com.android.support:support-v4:22.2.0] AndroidManifest.xml:22:5-20
MERGED from [com.google.android.gms:play-services-appstate:7.5.0] AndroidManifest.xml:19:5-20
MERGED from [com.google.android.gms:play-services-base:7.5.0] AndroidManifest.xml:20:5-24:19
MERGED from [com.android.support:support-v4:22.2.0] AndroidManifest.xml:22:5-20
MERGED from [com.google.android.gms:play-services-base:7.5.0] AndroidManifest.xml:20:5-24:19
MERGED from [com.android.support:support-v4:22.2.0] AndroidManifest.xml:22:5-20
MERGED from [com.google.android.gms:play-services-cast:7.5.0] AndroidManifest.xml:19:5-20
MERGED from [com.google.android.gms:play-services-base:7.5.0] AndroidManifest.xml:20:5-24:19
MERGED from [com.android.support:support-v4:22.2.0] AndroidManifest.xml:22:5-20
MERGED from [com.android.support:mediarouter-v7:22.0.0] AndroidManifest.xml:22:5-20
MERGED from [com.android.support:appcompat-v7:22.2.0] AndroidManifest.xml:22:5-20
MERGED from [com.android.support:support-v4:22.2.0] AndroidManifest.xml:22:5-20
MERGED from [com.google.android.gms:play-services-drive:7.5.0] AndroidManifest.xml:19:5-20
MERGED from [com.google.android.gms:play-services-base:7.5.0] AndroidManifest.xml:20:5-24:19
MERGED from [com.android.support:support-v4:22.2.0] AndroidManifest.xml:22:5-20
MERGED from [com.google.android.gms:play-services-fitness:7.5.0] AndroidManifest.xml:19:5-20
MERGED from [com.google.android.gms:play-services-base:7.5.0] AndroidManifest.xml:20:5-24:19
MERGED from [com.android.support:support-v4:22.2.0] AndroidManifest.xml:22:5-20
MERGED from [com.google.android.gms:play-services-location:7.5.0] AndroidManifest.xml:19:5-20
MERGED from [com.google.android.gms:play-services-base:7.5.0] AndroidManifest.xml:20:5-24:19
MERGED from [com.android.support:support-v4:22.2.0] AndroidManifest.xml:22:5-20
MERGED from [com.google.android.gms:play-services-maps:7.5.0] AndroidManifest.xml:29:5-20
MERGED from [com.google.android.gms:play-services-base:7.5.0] AndroidManifest.xml:20:5-24:19
MERGED from [com.android.support:support-v4:22.2.0] AndroidManifest.xml:22:5-20
MERGED from [com.google.android.gms:play-services-games:7.5.0] AndroidManifest.xml:19:5-20
MERGED from [com.google.android.gms:play-services-base:7.5.0] AndroidManifest.xml:20:5-24:19
MERGED from [com.android.support:support-v4:22.2.0] AndroidManifest.xml:22:5-20
MERGED from [com.google.android.gms:play-services-drive:7.5.0] AndroidManifest.xml:19:5-20
MERGED from [com.google.android.gms:play-services-base:7.5.0] AndroidManifest.xml:20:5-24:19
MERGED from [com.android.support:support-v4:22.2.0] AndroidManifest.xml:22:5-20
MERGED from [com.google.android.gms:play-services-gcm:7.5.0] AndroidManifest.xml:19:5-20
MERGED from [com.google.android.gms:play-services-base:7.5.0] AndroidManifest.xml:20:5-24:19
MERGED from [com.android.support:support-v4:22.2.0] AndroidManifest.xml:22:5-20
MERGED from [com.google.android.gms:play-services-identity:7.5.0] AndroidManifest.xml:19:5-20
MERGED from [com.google.android.gms:play-services-base:7.5.0] AndroidManifest.xml:20:5-24:19
MERGED from [com.android.support:support-v4:22.2.0] AndroidManifest.xml:22:5-20
MERGED from [com.google.android.gms:play-services-location:7.5.0] AndroidManifest.xml:19:5-20
MERGED from [com.google.android.gms:play-services-base:7.5.0] AndroidManifest.xml:20:5-24:19
MERGED from [com.android.support:support-v4:22.2.0] AndroidManifest.xml:22:5-20
MERGED from [com.google.android.gms:play-services-maps:7.5.0] AndroidManifest.xml:29:5-20
MERGED from [com.google.android.gms:play-services-base:7.5.0] AndroidManifest.xml:20:5-24:19
MERGED from [com.android.support:support-v4:22.2.0] AndroidManifest.xml:22:5-20
MERGED from [com.google.android.gms:play-services-maps:7.5.0] AndroidManifest.xml:29:5-20
MERGED from [com.google.android.gms:play-services-base:7.5.0] AndroidManifest.xml:20:5-24:19
MERGED from [com.android.support:support-v4:22.2.0] AndroidManifest.xml:22:5-20
MERGED from [com.google.android.gms:play-services-nearby:7.5.0] AndroidManifest.xml:20:5-20
MERGED from [com.google.android.gms:play-services-base:7.5.0] AndroidManifest.xml:20:5-24:19
MERGED from [com.android.support:support-v4:22.2.0] AndroidManifest.xml:22:5-20
MERGED from [com.google.android.gms:play-services-panorama:7.5.0] AndroidManifest.xml:19:5-20
MERGED from [com.google.android.gms:play-services-base:7.5.0] AndroidManifest.xml:20:5-24:19
MERGED from [com.android.support:support-v4:22.2.0] AndroidManifest.xml:22:5-20
MERGED from [com.google.android.gms:play-services-plus:7.5.0] AndroidManifest.xml:19:5-20
MERGED from [com.google.android.gms:play-services-base:7.5.0] AndroidManifest.xml:20:5-24:19
MERGED from [com.android.support:support-v4:22.2.0] AndroidManifest.xml:22:5-20
MERGED from [com.google.android.gms:play-services-safetynet:7.5.0] AndroidManifest.xml:19:5-20
MERGED from [com.google.android.gms:play-services-base:7.5.0] AndroidManifest.xml:20:5-24:19
MERGED from [com.android.support:support-v4:22.2.0] AndroidManifest.xml:22:5-20
MERGED from [com.google.android.gms:play-services-wallet:7.5.0] AndroidManifest.xml:24:5-35:19
MERGED from [com.google.android.gms:play-services-base:7.5.0] AndroidManifest.xml:20:5-24:19
MERGED from [com.android.support:support-v4:22.2.0] AndroidManifest.xml:22:5-20
MERGED from [com.google.android.gms:play-services-identity:7.5.0] AndroidManifest.xml:19:5-20
MERGED from [com.google.android.gms:play-services-base:7.5.0] AndroidManifest.xml:20:5-24:19
MERGED from [com.android.support:support-v4:22.2.0] AndroidManifest.xml:22:5-20
MERGED from [com.google.android.gms:play-services-maps:7.5.0] AndroidManifest.xml:29:5-20
MERGED from [com.google.android.gms:play-services-base:7.5.0] AndroidManifest.xml:20:5-24:19
MERGED from [com.android.support:support-v4:22.2.0] AndroidManifest.xml:22:5-20
MERGED from [com.google.android.gms:play-services-wearable:7.5.0] AndroidManifest.xml:19:5-20
MERGED from [com.google.android.gms:play-services-base:7.5.0] AndroidManifest.xml:20:5-24:19
MERGED from [com.android.support:support-v4:22.2.0] AndroidManifest.xml:22:5-20
MERGED from [com.android.support:support-v4:22.2.0] AndroidManifest.xml:22:5-20
	android:label
		ADDED from src/main/AndroidManifest.xml:19:9-41
	android:allowBackup
		ADDED from src/main/AndroidManifest.xml:17:9-35
	android:icon
		ADDED from src/main/AndroidManifest.xml:18:9-42
	android:theme
		ADDED from src/main/AndroidManifest.xml:20:9-40
receiver#com.faayda.listeners.SmsListener
ADDED from src/main/AndroidManifest.xml:21:9-25:20
	android:name
		ADDED from src/main/AndroidManifest.xml:21:19-66
intent-filter#android.provider.Telephony.SMS_RECEIVED
ADDED from src/main/AndroidManifest.xml:22:13-24:29
action#android.provider.Telephony.SMS_RECEIVED
ADDED from src/main/AndroidManifest.xml:23:17-82
	android:name
		ADDED from src/main/AndroidManifest.xml:23:25-79
meta-data#com.google.android.gms.version
ADDED from src/main/AndroidManifest.xml:27:9-29:69
MERGED from [com.google.android.gms:play-services-base:7.5.0] AndroidManifest.xml:21:9-23:69
MERGED from [com.google.android.gms:play-services-base:7.5.0] AndroidManifest.xml:21:9-23:69
MERGED from [com.google.android.gms:play-services-base:7.5.0] AndroidManifest.xml:21:9-23:69
MERGED from [com.google.android.gms:play-services-base:7.5.0] AndroidManifest.xml:21:9-23:69
MERGED from [com.google.android.gms:play-services-base:7.5.0] AndroidManifest.xml:21:9-23:69
MERGED from [com.google.android.gms:play-services-base:7.5.0] AndroidManifest.xml:21:9-23:69
MERGED from [com.google.android.gms:play-services-base:7.5.0] AndroidManifest.xml:21:9-23:69
MERGED from [com.google.android.gms:play-services-base:7.5.0] AndroidManifest.xml:21:9-23:69
MERGED from [com.google.android.gms:play-services-base:7.5.0] AndroidManifest.xml:21:9-23:69
MERGED from [com.google.android.gms:play-services-base:7.5.0] AndroidManifest.xml:21:9-23:69
MERGED from [com.google.android.gms:play-services-base:7.5.0] AndroidManifest.xml:21:9-23:69
MERGED from [com.google.android.gms:play-services-base:7.5.0] AndroidManifest.xml:21:9-23:69
MERGED from [com.google.android.gms:play-services-base:7.5.0] AndroidManifest.xml:21:9-23:69
MERGED from [com.google.android.gms:play-services-base:7.5.0] AndroidManifest.xml:21:9-23:69
MERGED from [com.google.android.gms:play-services-base:7.5.0] AndroidManifest.xml:21:9-23:69
MERGED from [com.google.android.gms:play-services-base:7.5.0] AndroidManifest.xml:21:9-23:69
MERGED from [com.google.android.gms:play-services-base:7.5.0] AndroidManifest.xml:21:9-23:69
MERGED from [com.google.android.gms:play-services-base:7.5.0] AndroidManifest.xml:21:9-23:69
MERGED from [com.google.android.gms:play-services-base:7.5.0] AndroidManifest.xml:21:9-23:69
MERGED from [com.google.android.gms:play-services-base:7.5.0] AndroidManifest.xml:21:9-23:69
MERGED from [com.google.android.gms:play-services-base:7.5.0] AndroidManifest.xml:21:9-23:69
MERGED from [com.google.android.gms:play-services-base:7.5.0] AndroidManifest.xml:21:9-23:69
MERGED from [com.google.android.gms:play-services-base:7.5.0] AndroidManifest.xml:21:9-23:69
MERGED from [com.google.android.gms:play-services-base:7.5.0] AndroidManifest.xml:21:9-23:69
MERGED from [com.google.android.gms:play-services-base:7.5.0] AndroidManifest.xml:21:9-23:69
MERGED from [com.google.android.gms:play-services-base:7.5.0] AndroidManifest.xml:21:9-23:69
MERGED from [com.google.android.gms:play-services-base:7.5.0] AndroidManifest.xml:21:9-23:69
	android:value
		ADDED from src/main/AndroidManifest.xml:29:13-66
	android:name
		ADDED from src/main/AndroidManifest.xml:28:13-58
activity#com.faayda.Splash
ADDED from src/main/AndroidManifest.xml:31:9-43:20
	android:screenOrientation
		ADDED from src/main/AndroidManifest.xml:35:13-49
	android:label
		ADDED from src/main/AndroidManifest.xml:34:13-45
	android:hardwareAccelerated
		ADDED from src/main/AndroidManifest.xml:33:13-48
	android:theme
		ADDED from src/main/AndroidManifest.xml:36:13-77
	android:name
		ADDED from src/main/AndroidManifest.xml:32:13-45
intent-filter#android.intent.action.MAIN+android.intent.category.LAUNCHER
ADDED from src/main/AndroidManifest.xml:38:13-42:29
action#android.intent.action.MAIN
ADDED from src/main/AndroidManifest.xml:39:17-69
	android:name
		ADDED from src/main/AndroidManifest.xml:39:25-66
category#android.intent.category.LAUNCHER
ADDED from src/main/AndroidManifest.xml:41:17-77
	android:name
		ADDED from src/main/AndroidManifest.xml:41:27-74
activity#com.faayda.Login
ADDED from src/main/AndroidManifest.xml:44:9-49:20
	android:screenOrientation
		ADDED from src/main/AndroidManifest.xml:46:13-49
	android:theme
		ADDED from src/main/AndroidManifest.xml:47:13-69
	android:name
		ADDED from src/main/AndroidManifest.xml:45:13-44
activity#com.faayda.Register
ADDED from src/main/AndroidManifest.xml:50:9-53:81
	android:screenOrientation
		ADDED from src/main/AndroidManifest.xml:52:13-49
	android:theme
		ADDED from src/main/AndroidManifest.xml:53:13-69
	android:name
		ADDED from src/main/AndroidManifest.xml:51:13-47
activity#com.faayda.ForgotPassword
ADDED from src/main/AndroidManifest.xml:54:9-57:81
	android:screenOrientation
		ADDED from src/main/AndroidManifest.xml:56:13-49
	android:theme
		ADDED from src/main/AndroidManifest.xml:57:13-69
	android:name
		ADDED from src/main/AndroidManifest.xml:55:13-53
activity#com.faayda.MainActivity
ADDED from src/main/AndroidManifest.xml:58:9-66:20
	android:screenOrientation
		ADDED from src/main/AndroidManifest.xml:61:13-49
	android:label
		ADDED from src/main/AndroidManifest.xml:60:13-45
	android:name
		ADDED from src/main/AndroidManifest.xml:59:13-51
intent-filter#ANDROID.INTENT.CATEGORY.DEFAULT+android.intent.action.MAIN_ACTIVITY
ADDED from src/main/AndroidManifest.xml:62:13-65:29
category#ANDROID.INTENT.CATEGORY.DEFAULT
ADDED from src/main/AndroidManifest.xml:63:17-76
	android:name
		ADDED from src/main/AndroidManifest.xml:63:27-73
action#android.intent.action.MAIN_ACTIVITY
ADDED from src/main/AndroidManifest.xml:64:17-78
	android:name
		ADDED from src/main/AndroidManifest.xml:64:25-75
receiver#com.faayda.ReminderReceiver
ADDED from src/main/AndroidManifest.xml:68:9-73
	android:name
		ADDED from src/main/AndroidManifest.xml:68:19-61
receiver#com.faayda.BackgroundReceiver
ADDED from src/main/AndroidManifest.xml:69:9-75
	android:name
		ADDED from src/main/AndroidManifest.xml:69:19-63
service#com.faayda.service.TransactionReminder
ADDED from src/main/AndroidManifest.xml:71:9-64
	android:name
		ADDED from src/main/AndroidManifest.xml:71:18-61
uses-sdk
INJECTED from src/main/AndroidManifest.xml reason: use-sdk injection requested
MERGED from [com.android.support:appcompat-v7:22.2.0] AndroidManifest.xml:20:5-43
MERGED from [com.android.support:support-v4:22.2.0] AndroidManifest.xml:20:5-43
MERGED from [com.google.android.gms:play-services:7.5.0] AndroidManifest.xml:18:5-42
MERGED from [com.google.android.gms:play-services-ads:7.5.0] AndroidManifest.xml:23:5-42
MERGED from [com.google.android.gms:play-services-base:7.5.0] AndroidManifest.xml:18:5-42
MERGED from [com.android.support:support-v4:22.2.0] AndroidManifest.xml:20:5-43
MERGED from [com.google.android.gms:play-services-analytics:7.5.0] AndroidManifest.xml:18:5-42
MERGED from [com.google.android.gms:play-services-base:7.5.0] AndroidManifest.xml:18:5-42
MERGED from [com.android.support:support-v4:22.2.0] AndroidManifest.xml:20:5-43
MERGED from [com.google.android.gms:play-services-analytics:7.5.0] AndroidManifest.xml:18:5-42
MERGED from [com.google.android.gms:play-services-base:7.5.0] AndroidManifest.xml:18:5-42
MERGED from [com.android.support:support-v4:22.2.0] AndroidManifest.xml:20:5-43
MERGED from [com.google.android.gms:play-services-appindexing:7.5.0] AndroidManifest.xml:18:5-42
MERGED from [com.google.android.gms:play-services-base:7.5.0] AndroidManifest.xml:18:5-42
MERGED from [com.android.support:support-v4:22.2.0] AndroidManifest.xml:20:5-43
MERGED from [com.google.android.gms:play-services-appinvite:7.5.0] AndroidManifest.xml:18:5-42
MERGED from [com.google.android.gms:play-services-base:7.5.0] AndroidManifest.xml:18:5-42
MERGED from [com.android.support:support-v4:22.2.0] AndroidManifest.xml:20:5-43
MERGED from [com.google.android.gms:play-services-appstate:7.5.0] AndroidManifest.xml:18:5-42
MERGED from [com.google.android.gms:play-services-base:7.5.0] AndroidManifest.xml:18:5-42
MERGED from [com.android.support:support-v4:22.2.0] AndroidManifest.xml:20:5-43
MERGED from [com.google.android.gms:play-services-base:7.5.0] AndroidManifest.xml:18:5-42
MERGED from [com.android.support:support-v4:22.2.0] AndroidManifest.xml:20:5-43
MERGED from [com.google.android.gms:play-services-cast:7.5.0] AndroidManifest.xml:18:5-42
MERGED from [com.google.android.gms:play-services-base:7.5.0] AndroidManifest.xml:18:5-42
MERGED from [com.android.support:support-v4:22.2.0] AndroidManifest.xml:20:5-43
MERGED from [com.android.support:mediarouter-v7:22.0.0] AndroidManifest.xml:20:5-43
MERGED from [com.android.support:appcompat-v7:22.2.0] AndroidManifest.xml:20:5-43
MERGED from [com.android.support:support-v4:22.2.0] AndroidManifest.xml:20:5-43
MERGED from [com.google.android.gms:play-services-drive:7.5.0] AndroidManifest.xml:18:5-42
MERGED from [com.google.android.gms:play-services-base:7.5.0] AndroidManifest.xml:18:5-42
MERGED from [com.android.support:support-v4:22.2.0] AndroidManifest.xml:20:5-43
MERGED from [com.google.android.gms:play-services-fitness:7.5.0] AndroidManifest.xml:18:5-42
MERGED from [com.google.android.gms:play-services-base:7.5.0] AndroidManifest.xml:18:5-42
MERGED from [com.android.support:support-v4:22.2.0] AndroidManifest.xml:20:5-43
MERGED from [com.google.android.gms:play-services-location:7.5.0] AndroidManifest.xml:18:5-42
MERGED from [com.google.android.gms:play-services-base:7.5.0] AndroidManifest.xml:18:5-42
MERGED from [com.android.support:support-v4:22.2.0] AndroidManifest.xml:20:5-43
MERGED from [com.google.android.gms:play-services-maps:7.5.0] AndroidManifest.xml:28:5-42
MERGED from [com.google.android.gms:play-services-base:7.5.0] AndroidManifest.xml:18:5-42
MERGED from [com.android.support:support-v4:22.2.0] AndroidManifest.xml:20:5-43
MERGED from [com.google.android.gms:play-services-games:7.5.0] AndroidManifest.xml:18:5-42
MERGED from [com.google.android.gms:play-services-base:7.5.0] AndroidManifest.xml:18:5-42
MERGED from [com.android.support:support-v4:22.2.0] AndroidManifest.xml:20:5-43
MERGED from [com.google.android.gms:play-services-drive:7.5.0] AndroidManifest.xml:18:5-42
MERGED from [com.google.android.gms:play-services-base:7.5.0] AndroidManifest.xml:18:5-42
MERGED from [com.android.support:support-v4:22.2.0] AndroidManifest.xml:20:5-43
MERGED from [com.google.android.gms:play-services-gcm:7.5.0] AndroidManifest.xml:18:5-42
MERGED from [com.google.android.gms:play-services-base:7.5.0] AndroidManifest.xml:18:5-42
MERGED from [com.android.support:support-v4:22.2.0] AndroidManifest.xml:20:5-43
MERGED from [com.google.android.gms:play-services-identity:7.5.0] AndroidManifest.xml:18:5-42
MERGED from [com.google.android.gms:play-services-base:7.5.0] AndroidManifest.xml:18:5-42
MERGED from [com.android.support:support-v4:22.2.0] AndroidManifest.xml:20:5-43
MERGED from [com.google.android.gms:play-services-location:7.5.0] AndroidManifest.xml:18:5-42
MERGED from [com.google.android.gms:play-services-base:7.5.0] AndroidManifest.xml:18:5-42
MERGED from [com.android.support:support-v4:22.2.0] AndroidManifest.xml:20:5-43
MERGED from [com.google.android.gms:play-services-maps:7.5.0] AndroidManifest.xml:28:5-42
MERGED from [com.google.android.gms:play-services-base:7.5.0] AndroidManifest.xml:18:5-42
MERGED from [com.android.support:support-v4:22.2.0] AndroidManifest.xml:20:5-43
MERGED from [com.google.android.gms:play-services-maps:7.5.0] AndroidManifest.xml:28:5-42
MERGED from [com.google.android.gms:play-services-base:7.5.0] AndroidManifest.xml:18:5-42
MERGED from [com.android.support:support-v4:22.2.0] AndroidManifest.xml:20:5-43
MERGED from [com.google.android.gms:play-services-nearby:7.5.0] AndroidManifest.xml:18:5-42
MERGED from [com.google.android.gms:play-services-base:7.5.0] AndroidManifest.xml:18:5-42
MERGED from [com.android.support:support-v4:22.2.0] AndroidManifest.xml:20:5-43
MERGED from [com.google.android.gms:play-services-panorama:7.5.0] AndroidManifest.xml:18:5-42
MERGED from [com.google.android.gms:play-services-base:7.5.0] AndroidManifest.xml:18:5-42
MERGED from [com.android.support:support-v4:22.2.0] AndroidManifest.xml:20:5-43
MERGED from [com.google.android.gms:play-services-plus:7.5.0] AndroidManifest.xml:18:5-42
MERGED from [com.google.android.gms:play-services-base:7.5.0] AndroidManifest.xml:18:5-42
MERGED from [com.android.support:support-v4:22.2.0] AndroidManifest.xml:20:5-43
MERGED from [com.google.android.gms:play-services-safetynet:7.5.0] AndroidManifest.xml:18:5-42
MERGED from [com.google.android.gms:play-services-base:7.5.0] AndroidManifest.xml:18:5-42
MERGED from [com.android.support:support-v4:22.2.0] AndroidManifest.xml:20:5-43
MERGED from [com.google.android.gms:play-services-wallet:7.5.0] AndroidManifest.xml:19:5-42
MERGED from [com.google.android.gms:play-services-base:7.5.0] AndroidManifest.xml:18:5-42
MERGED from [com.android.support:support-v4:22.2.0] AndroidManifest.xml:20:5-43
MERGED from [com.google.android.gms:play-services-identity:7.5.0] AndroidManifest.xml:18:5-42
MERGED from [com.google.android.gms:play-services-base:7.5.0] AndroidManifest.xml:18:5-42
MERGED from [com.android.support:support-v4:22.2.0] AndroidManifest.xml:20:5-43
MERGED from [com.google.android.gms:play-services-maps:7.5.0] AndroidManifest.xml:28:5-42
MERGED from [com.google.android.gms:play-services-base:7.5.0] AndroidManifest.xml:18:5-42
MERGED from [com.android.support:support-v4:22.2.0] AndroidManifest.xml:20:5-43
MERGED from [com.google.android.gms:play-services-wearable:7.5.0] AndroidManifest.xml:18:5-42
MERGED from [com.google.android.gms:play-services-base:7.5.0] AndroidManifest.xml:18:5-42
MERGED from [com.android.support:support-v4:22.2.0] AndroidManifest.xml:20:5-43
MERGED from [Faayda_1:MPChartLib:unspecified] AndroidManifest.xml:7:5-9:41
MERGED from [Faayda_1:ViewPagerIndicator:unspecified] AndroidManifest.xml:7:5-9:40
MERGED from [com.android.support:support-v4:22.2.0] AndroidManifest.xml:20:5-43
	android:targetSdkVersion
		INJECTED from src/main/AndroidManifest.xml
		INJECTED from src/main/AndroidManifest.xml
	android:minSdkVersion
		INJECTED from src/main/AndroidManifest.xml
		INJECTED from src/main/AndroidManifest.xml
uses-permission#android.permission.ACCESS_NETWORK_STATE
ADDED from [com.google.android.gms:play-services-ads:7.5.0] AndroidManifest.xml:21:5-78
MERGED from [com.google.android.gms:play-services-analytics:7.5.0] AndroidManifest.xml:22:5-79
MERGED from [com.google.android.gms:play-services-analytics:7.5.0] AndroidManifest.xml:22:5-79
MERGED from [com.google.android.gms:play-services-maps:7.5.0] AndroidManifest.xml:20:5-78
MERGED from [com.google.android.gms:play-services-maps:7.5.0] AndroidManifest.xml:20:5-78
MERGED from [com.google.android.gms:play-services-maps:7.5.0] AndroidManifest.xml:20:5-78
MERGED from [com.google.android.gms:play-services-nearby:7.5.0] AndroidManifest.xml:19:5-79
MERGED from [com.google.android.gms:play-services-maps:7.5.0] AndroidManifest.xml:20:5-78
	android:name
		ADDED from [com.google.android.gms:play-services-ads:7.5.0] AndroidManifest.xml:21:22-76
activity#com.google.android.gms.ads.AdActivity
ADDED from [com.google.android.gms:play-services-ads:7.5.0] AndroidManifest.xml:26:9-29:64
	android:configChanges
		ADDED from [com.google.android.gms:play-services-ads:7.5.0] AndroidManifest.xml:28:13-122
	android:theme
		ADDED from [com.google.android.gms:play-services-ads:7.5.0] AndroidManifest.xml:29:13-61
	android:name
		ADDED from [com.google.android.gms:play-services-ads:7.5.0] AndroidManifest.xml:27:13-65
activity#com.google.android.gms.ads.purchase.InAppPurchaseActivity
ADDED from [com.google.android.gms:play-services-ads:7.5.0] AndroidManifest.xml:30:9-31:52
	android:theme
		ADDED from [com.google.android.gms:play-services-ads:7.5.0] AndroidManifest.xml:31:13-50
	android:name
		ADDED from [com.google.android.gms:play-services-ads:7.5.0] AndroidManifest.xml:30:19-91
uses-permission#android.permission.ACCESS_COARSE_LOCATION
ADDED from [com.google.android.gms:play-services-maps:7.5.0] AndroidManifest.xml:23:5-80
MERGED from [com.google.android.gms:play-services-maps:7.5.0] AndroidManifest.xml:23:5-80
MERGED from [com.google.android.gms:play-services-maps:7.5.0] AndroidManifest.xml:23:5-80
MERGED from [com.google.android.gms:play-services-maps:7.5.0] AndroidManifest.xml:23:5-80
	android:name
		ADDED from [com.google.android.gms:play-services-maps:7.5.0] AndroidManifest.xml:23:22-78
uses-feature#0x00020000
ADDED from [com.google.android.gms:play-services-maps:7.5.0] AndroidManifest.xml:24:5-26:33
MERGED from [com.google.android.gms:play-services-maps:7.5.0] AndroidManifest.xml:24:5-26:33
MERGED from [com.google.android.gms:play-services-maps:7.5.0] AndroidManifest.xml:24:5-26:33
MERGED from [com.google.android.gms:play-services-maps:7.5.0] AndroidManifest.xml:24:5-26:33
	android:glEsVersion
		ADDED from [com.google.android.gms:play-services-maps:7.5.0] AndroidManifest.xml:25:8-40
	android:required
		ADDED from [com.google.android.gms:play-services-maps:7.5.0] AndroidManifest.xml:26:8-31
meta-data#com.google.android.gms.wallet.api.enabled
ADDED from [com.google.android.gms:play-services-wallet:7.5.0] AndroidManifest.xml:25:9-27:36
	android:value
		ADDED from [com.google.android.gms:play-services-wallet:7.5.0] AndroidManifest.xml:27:13-33
	android:name
		ADDED from [com.google.android.gms:play-services-wallet:7.5.0] AndroidManifest.xml:26:13-69
receiver#com.google.android.gms.wallet.EnableWalletOptimizationReceiver
ADDED from [com.google.android.gms:play-services-wallet:7.5.0] AndroidManifest.xml:28:9-34:20
	android:exported
		ADDED from [com.google.android.gms:play-services-wallet:7.5.0] AndroidManifest.xml:30:13-37
	android:name
		ADDED from [com.google.android.gms:play-services-wallet:7.5.0] AndroidManifest.xml:29:13-90
intent-filter#com.google.android.gms.wallet.ENABLE_WALLET_OPTIMIZATION
ADDED from [com.google.android.gms:play-services-wallet:7.5.0] AndroidManifest.xml:31:13-33:29
action#com.google.android.gms.wallet.ENABLE_WALLET_OPTIMIZATION
ADDED from [com.google.android.gms:play-services-wallet:7.5.0] AndroidManifest.xml:32:17-99
	android:name
		ADDED from [com.google.android.gms:play-services-wallet:7.5.0] AndroidManifest.xml:32:25-96